
*** Running vivado
    with args -log Complete_MIPS.vds -m64 -product Vivado -mode batch -messageDb vivado.pb -notrace -source Complete_MIPS.tcl



****** Vivado v2024.1 (64-bit)
  **** SW Build 5076996 on Wed May 22 18:37:14 MDT 2024
  **** IP Build 5075265 on Wed May 22 21:45:21 MDT 2024
  **** SharedData Build 5076995 on Wed May 22 18:29:18 MDT 2024
  **** Start of session at: Tue Nov 19 19:26:53 2024
    ** Copyright 1986-2022 Xilinx, Inc. All Rights Reserved.
    ** Copyright 2022-2024 Advanced Micro Devices, Inc. All Rights Reserved.

source Complete_MIPS.tcl -notrace
create_project: Time (s): cpu = 00:00:07 ; elapsed = 00:00:08 . Memory (MB): peak = 506.719 ; gain = 201.105
Command: read_checkpoint -auto_incremental -incremental C:/Users/VIHAAN/Vivado/mips_multicycle/mips_multicycle.srcs/utils_1/imports/synth_1/Complete_MIPS.dcp
INFO: [Vivado 12-5825] Read reference checkpoint from C:/Users/VIHAAN/Vivado/mips_multicycle/mips_multicycle.srcs/utils_1/imports/synth_1/Complete_MIPS.dcp for incremental synthesis
INFO: [Vivado 12-7989] Please ensure there are no constraint changes
Command: synth_design -top Complete_MIPS -part xc7a100tcsg324-1
Starting synth_design
Attempting to get a license for feature 'Synthesis' and/or device 'xc7a100t'
INFO: [Common 17-349] Got license for feature 'Synthesis' and/or device 'xc7a100t'
INFO: [Device 21-403] Loading part xc7a100tcsg324-1
INFO: [Device 21-9227] Part: xc7a100tcsg324-1 does not have CEAM library.
INFO: [Designutils 20-5440] No compile time benefit to using incremental synthesis; A full resynthesis will be run
INFO: [Designutils 20-4379] Flow is switching to default flow due to incremental criteria not met. If you would like to alter this behaviour and have the flow terminate instead, please set the following parameter config_implementation {autoIncr.Synth.RejectBehavior Terminate}
INFO: [Synth 8-7079] Multithreading enabled for synth_design using a maximum of 2 processes.
INFO: [Synth 8-7078] Launching helper process for spawning children vivado processes
INFO: [Synth 8-7075] Helper process launched with PID 34460
---------------------------------------------------------------------------------
Starting RTL Elaboration : Time (s): cpu = 00:00:06 ; elapsed = 00:00:06 . Memory (MB): peak = 1380.203 ; gain = 448.934
---------------------------------------------------------------------------------
INFO: [Synth 8-11241] undeclared symbol 'slowCLK', assumed default net type 'wire' [C:/Users/VIHAAN/Vivado/mips_multicycle/mips_multicycle.srcs/sources_1/new/mips.v:99]
INFO: [Synth 8-6157] synthesizing module 'Complete_MIPS' [C:/Users/VIHAAN/Vivado/mips_multicycle/mips_multicycle.srcs/sources_1/new/mips.v:87]
INFO: [Synth 8-6157] synthesizing module 'complexDivider' [C:/Users/VIHAAN/Vivado/mips_multicycle/mips_multicycle.srcs/sources_1/new/clock_divider.v:27]
INFO: [Synth 8-6155] done synthesizing module 'complexDivider' (0#1) [C:/Users/VIHAAN/Vivado/mips_multicycle/mips_multicycle.srcs/sources_1/new/clock_divider.v:27]
INFO: [Synth 8-6157] synthesizing module 'MIPS' [C:/Users/VIHAAN/Vivado/mips_multicycle/mips_multicycle.srcs/sources_1/new/mips.v:205]
INFO: [Synth 8-6157] synthesizing module 'REG' [C:/Users/VIHAAN/Vivado/mips_multicycle/mips_multicycle.srcs/sources_1/new/mips.v:163]
INFO: [Synth 8-6155] done synthesizing module 'REG' (0#1) [C:/Users/VIHAAN/Vivado/mips_multicycle/mips_multicycle.srcs/sources_1/new/mips.v:163]
INFO: [Synth 8-6157] synthesizing module 'ALU' [C:/Users/VIHAAN/Vivado/mips_multicycle/mips_multicycle.srcs/sources_1/new/mips.v:397]
INFO: [Synth 8-6155] done synthesizing module 'ALU' (0#1) [C:/Users/VIHAAN/Vivado/mips_multicycle/mips_multicycle.srcs/sources_1/new/mips.v:397]
INFO: [Synth 8-155] case statement is not full and has no default [C:/Users/VIHAAN/Vivado/mips_multicycle/mips_multicycle.srcs/sources_1/new/mips.v:289]
INFO: [Synth 8-6155] done synthesizing module 'MIPS' (0#1) [C:/Users/VIHAAN/Vivado/mips_multicycle/mips_multicycle.srcs/sources_1/new/mips.v:205]
INFO: [Synth 8-6157] synthesizing module 'Memory' [C:/Users/VIHAAN/Vivado/mips_multicycle/mips_multicycle.srcs/sources_1/new/mips.v:126]
INFO: [Synth 8-3876] $readmem data file 'C:\Users\VIHAAN\Vivado\mips_multicycle\led_instructions.txt' is read successfully [C:/Users/VIHAAN/Vivado/mips_multicycle/mips_multicycle.srcs/sources_1/new/mips.v:142]
INFO: [Synth 8-6155] done synthesizing module 'Memory' (0#1) [C:/Users/VIHAAN/Vivado/mips_multicycle/mips_multicycle.srcs/sources_1/new/mips.v:126]
INFO: [Synth 8-6155] done synthesizing module 'Complete_MIPS' (0#1) [C:/Users/VIHAAN/Vivado/mips_multicycle/mips_multicycle.srcs/sources_1/new/mips.v:87]
WARNING: [Synth 8-7129] Port instr[31] in module ALU is either unconnected or has no load
WARNING: [Synth 8-7129] Port instr[30] in module ALU is either unconnected or has no load
WARNING: [Synth 8-7129] Port instr[29] in module ALU is either unconnected or has no load
WARNING: [Synth 8-7129] Port instr[28] in module ALU is either unconnected or has no load
WARNING: [Synth 8-7129] Port instr[27] in module ALU is either unconnected or has no load
WARNING: [Synth 8-7129] Port instr[26] in module ALU is either unconnected or has no load
WARNING: [Synth 8-7129] Port instr[25] in module ALU is either unconnected or has no load
WARNING: [Synth 8-7129] Port instr[24] in module ALU is either unconnected or has no load
WARNING: [Synth 8-7129] Port instr[23] in module ALU is either unconnected or has no load
WARNING: [Synth 8-7129] Port instr[22] in module ALU is either unconnected or has no load
WARNING: [Synth 8-7129] Port instr[21] in module ALU is either unconnected or has no load
WARNING: [Synth 8-7129] Port instr[20] in module ALU is either unconnected or has no load
WARNING: [Synth 8-7129] Port instr[19] in module ALU is either unconnected or has no load
WARNING: [Synth 8-7129] Port instr[18] in module ALU is either unconnected or has no load
WARNING: [Synth 8-7129] Port instr[17] in module ALU is either unconnected or has no load
WARNING: [Synth 8-7129] Port instr[16] in module ALU is either unconnected or has no load
WARNING: [Synth 8-7129] Port instr[15] in module ALU is either unconnected or has no load
WARNING: [Synth 8-7129] Port instr[14] in module ALU is either unconnected or has no load
WARNING: [Synth 8-7129] Port instr[13] in module ALU is either unconnected or has no load
WARNING: [Synth 8-7129] Port instr[12] in module ALU is either unconnected or has no load
WARNING: [Synth 8-7129] Port instr[11] in module ALU is either unconnected or has no load
WARNING: [Synth 8-7129] Port instr[5] in module ALU is either unconnected or has no load
WARNING: [Synth 8-7129] Port instr[4] in module ALU is either unconnected or has no load
WARNING: [Synth 8-7129] Port instr[3] in module ALU is either unconnected or has no load
WARNING: [Synth 8-7129] Port instr[2] in module ALU is either unconnected or has no load
WARNING: [Synth 8-7129] Port instr[1] in module ALU is either unconnected or has no load
WARNING: [Synth 8-7129] Port instr[0] in module ALU is either unconnected or has no load
---------------------------------------------------------------------------------
Finished RTL Elaboration : Time (s): cpu = 00:00:08 ; elapsed = 00:00:08 . Memory (MB): peak = 1492.016 ; gain = 560.746
---------------------------------------------------------------------------------
---------------------------------------------------------------------------------
Start Handling Custom Attributes
---------------------------------------------------------------------------------
---------------------------------------------------------------------------------
Finished Handling Custom Attributes : Time (s): cpu = 00:00:08 ; elapsed = 00:00:08 . Memory (MB): peak = 1492.016 ; gain = 560.746
---------------------------------------------------------------------------------
---------------------------------------------------------------------------------
Finished RTL Optimization Phase 1 : Time (s): cpu = 00:00:08 ; elapsed = 00:00:08 . Memory (MB): peak = 1492.016 ; gain = 560.746
---------------------------------------------------------------------------------
Netlist sorting complete. Time (s): cpu = 00:00:00 ; elapsed = 00:00:00.013 . Memory (MB): peak = 1492.016 ; gain = 0.000
INFO: [Project 1-570] Preparing netlist for logic optimization

Processing XDC Constraints
Initializing timing engine
Parsing XDC File [C:/Users/VIHAAN/Vivado/mips_multicycle/mips_multicycle.srcs/constrs_1/imports/digilent-xdc-master/Nexys-A7-100T-Master.xdc]
Finished Parsing XDC File [C:/Users/VIHAAN/Vivado/mips_multicycle/mips_multicycle.srcs/constrs_1/imports/digilent-xdc-master/Nexys-A7-100T-Master.xdc]
INFO: [Project 1-236] Implementation specific constraints were found while reading constraint file [C:/Users/VIHAAN/Vivado/mips_multicycle/mips_multicycle.srcs/constrs_1/imports/digilent-xdc-master/Nexys-A7-100T-Master.xdc]. These constraints will be ignored for synthesis but will be used in implementation. Impacted constraints are listed in the file [.Xil/Complete_MIPS_propImpl.xdc].
Resolution: To avoid this warning, move constraints listed in [.Xil/Complete_MIPS_propImpl.xdc] to another XDC file and exclude this new file from synthesis with the used_in_synthesis property (File Properties dialog in GUI) and re-run elaboration/synthesis.
Completed Processing XDC Constraints

Netlist sorting complete. Time (s): cpu = 00:00:00 ; elapsed = 00:00:00 . Memory (MB): peak = 1593.223 ; gain = 0.000
INFO: [Project 1-111] Unisim Transformation Summary:
No Unisim elements were transformed.

Constraint Validation Runtime : Time (s): cpu = 00:00:00 ; elapsed = 00:00:00.004 . Memory (MB): peak = 1593.223 ; gain = 0.000
INFO: [Designutils 20-5440] No compile time benefit to using incremental synthesis; A full resynthesis will be run
INFO: [Designutils 20-4379] Flow is switching to default flow due to incremental criteria not met. If you would like to alter this behaviour and have the flow terminate instead, please set the following parameter config_implementation {autoIncr.Synth.RejectBehavior Terminate}
---------------------------------------------------------------------------------
Finished Constraint Validation : Time (s): cpu = 00:00:16 ; elapsed = 00:00:17 . Memory (MB): peak = 1593.223 ; gain = 661.953
---------------------------------------------------------------------------------
---------------------------------------------------------------------------------
Start Loading Part and Timing Information
---------------------------------------------------------------------------------
Loading part: xc7a100tcsg324-1
---------------------------------------------------------------------------------
Finished Loading Part and Timing Information : Time (s): cpu = 00:00:16 ; elapsed = 00:00:17 . Memory (MB): peak = 1593.223 ; gain = 661.953
---------------------------------------------------------------------------------
---------------------------------------------------------------------------------
Start Applying 'set_property' XDC Constraints
---------------------------------------------------------------------------------
---------------------------------------------------------------------------------
Finished applying 'set_property' XDC Constraints : Time (s): cpu = 00:00:16 ; elapsed = 00:00:17 . Memory (MB): peak = 1593.223 ; gain = 661.953
---------------------------------------------------------------------------------
INFO: [Synth 8-802] inferred FSM for state register 'state_reg' in module 'MIPS'
INFO: [Synth 8-3971] The signal "REG:/REG_reg" was recognized as a true dual port RAM template.
---------------------------------------------------------------------------------------------------
                   State |                     New Encoding |                Previous Encoding 
---------------------------------------------------------------------------------------------------
                 iSTATE3 |                              000 |                              000
                  iSTATE |                              001 |                              001
                 iSTATE0 |                              010 |                              010
                 iSTATE1 |                              011 |                              011
                 iSTATE2 |                              100 |                              100
---------------------------------------------------------------------------------------------------
INFO: [Synth 8-3354] encoded FSM with state register 'state_reg' using encoding 'sequential' in module 'MIPS'
---------------------------------------------------------------------------------
Finished RTL Optimization Phase 2 : Time (s): cpu = 00:00:17 ; elapsed = 00:00:18 . Memory (MB): peak = 1593.223 ; gain = 661.953
---------------------------------------------------------------------------------
---------------------------------------------------------------------------------
Start RTL Component Statistics 
---------------------------------------------------------------------------------
Detailed RTL Component Info : 
+---Adders : 
	   2 Input   32 Bit       Adders := 1     
	   3 Input   32 Bit       Adders := 1     
	   2 Input   28 Bit       Adders := 1     
	   2 Input    7 Bit       Adders := 2     
+---XORs : 
	   2 Input     32 Bit         XORs := 1     
+---Registers : 
	               32 Bit    Registers := 5     
	               28 Bit    Registers := 1     
	                7 Bit    Registers := 1     
	                6 Bit    Registers := 1     
	                1 Bit    Registers := 3     
+---RAMs : 
	               4K Bit	(128 X 32 bit)          RAMs := 1     
	             1024 Bit	(32 X 32 bit)          RAMs := 1     
+---Muxes : 
	   2 Input   32 Bit        Muxes := 4     
	   2 Input    7 Bit        Muxes := 2     
	   5 Input    7 Bit        Muxes := 1     
	   3 Input    6 Bit        Muxes := 1     
	   5 Input    6 Bit        Muxes := 1     
	   2 Input    5 Bit        Muxes := 1     
	   5 Input    3 Bit        Muxes := 1     
	   2 Input    3 Bit        Muxes := 5     
	   3 Input    3 Bit        Muxes := 1     
	   2 Input    2 Bit        Muxes := 2     
	   3 Input    2 Bit        Muxes := 2     
	   4 Input    1 Bit        Muxes := 1     
	   2 Input    1 Bit        Muxes := 9     
	   3 Input    1 Bit        Muxes := 1     
	   5 Input    1 Bit        Muxes := 7     
---------------------------------------------------------------------------------
Finished RTL Component Statistics 
---------------------------------------------------------------------------------
---------------------------------------------------------------------------------
Start Part Resource Summary
---------------------------------------------------------------------------------
Part Resources:
DSPs: 240 (col length:80)
BRAMs: 270 (col length: RAMB18 80 RAMB36 40)
---------------------------------------------------------------------------------
Finished Part Resource Summary
---------------------------------------------------------------------------------
---------------------------------------------------------------------------------
Start Cross Boundary and Area Optimization
---------------------------------------------------------------------------------
WARNING: [Synth 8-7080] Parallel synthesis criteria is not met
DSP Report: Generating DSP ALUnit/alu_result0, operation Mode is: A*B.
DSP Report: operator ALUnit/alu_result0 is absorbed into DSP ALUnit/alu_result0.
INFO: [Synth 8-3971] The signal "Complete_MIPS/CPU/Register/REG_reg" was recognized as a true dual port RAM template.
---------------------------------------------------------------------------------
Finished Cross Boundary and Area Optimization : Time (s): cpu = 00:00:21 ; elapsed = 00:00:23 . Memory (MB): peak = 1593.223 ; gain = 661.953
---------------------------------------------------------------------------------
 Sort Area is  ALUnit/alu_result0_0 : 0 0 : 1946 1946 : Used 1 time 0
---------------------------------------------------------------------------------
Start ROM, RAM, DSP, Shift Register and Retiming Reporting
---------------------------------------------------------------------------------

Block RAM: Preliminary Mapping Report (see note below)
+--------------+-------------+------------------------+---+---+------------------------+---+---+------------------+--------+--------+
|Module Name   | RTL Object  | PORT A (Depth x Width) | W | R | PORT B (Depth x Width) | W | R | Ports driving FF | RAMB18 | RAMB36 | 
+--------------+-------------+------------------------+---+---+------------------------+---+---+------------------+--------+--------+
|Complete_MIPS | MEM/RAM_reg | 128 x 32(READ_FIRST)   | W | R |                        |   |   | Port A           | 1      | 0      | 
+--------------+-------------+------------------------+---+---+------------------------+---+---+------------------+--------+--------+

Note: The table above is a preliminary report that shows the Block RAMs at the current stage of the synthesis flow. Some Block RAMs may be reimplemented as non Block RAM primitives later in the synthesis flow. Multiple instantiated Block RAMs are reported only once. 

DSP: Preliminary Mapping Report (see note below. The ' indicates corresponding REG is set)
+------------+-------------+--------+--------+--------+--------+--------+------+------+------+------+-------+------+------+
|Module Name | DSP Mapping | A Size | B Size | C Size | D Size | P Size | AREG | BREG | CREG | DREG | ADREG | MREG | PREG | 
+------------+-------------+--------+--------+--------+--------+--------+------+------+------+------+-------+------+------+
|ALU         | A*B         | 16     | 16     | -      | -      | 32     | 0    | 0    | -    | -    | -     | 0    | 0    | 
+------------+-------------+--------+--------+--------+--------+--------+------+------+------+------+-------+------+------+

Note: The table above is a preliminary report that shows the DSPs inferred at the current stage of the synthesis flow. Some DSP may be reimplemented as non DSP primitives later in the synthesis flow. Multiple instantiated DSPs are reported only once.
---------------------------------------------------------------------------------
Finished ROM, RAM, DSP, Shift Register and Retiming Reporting
---------------------------------------------------------------------------------
---------------------------------------------------------------------------------
Start Applying XDC Timing Constraints
---------------------------------------------------------------------------------
---------------------------------------------------------------------------------
Finished Applying XDC Timing Constraints : Time (s): cpu = 00:00:30 ; elapsed = 00:00:32 . Memory (MB): peak = 1593.223 ; gain = 661.953
---------------------------------------------------------------------------------
---------------------------------------------------------------------------------
Start Timing Optimization
---------------------------------------------------------------------------------
---------------------------------------------------------------------------------
Finished Timing Optimization : Time (s): cpu = 00:00:30 ; elapsed = 00:00:32 . Memory (MB): peak = 1593.223 ; gain = 661.953
---------------------------------------------------------------------------------
---------------------------------------------------------------------------------
Start ROM, RAM, DSP, Shift Register and Retiming Reporting
---------------------------------------------------------------------------------

Block RAM: Final Mapping Report
+--------------+-------------+------------------------+---+---+------------------------+---+---+------------------+--------+--------+
|Module Name   | RTL Object  | PORT A (Depth x Width) | W | R | PORT B (Depth x Width) | W | R | Ports driving FF | RAMB18 | RAMB36 | 
+--------------+-------------+------------------------+---+---+------------------------+---+---+------------------+--------+--------+
|Complete_MIPS | MEM/RAM_reg | 128 x 32(READ_FIRST)   | W | R |                        |   |   | Port A           | 1      | 0      | 
+--------------+-------------+------------------------+---+---+------------------------+---+---+------------------+--------+--------+

---------------------------------------------------------------------------------
Finished ROM, RAM, DSP, Shift Register and Retiming Reporting
---------------------------------------------------------------------------------
---------------------------------------------------------------------------------
Start Technology Mapping
---------------------------------------------------------------------------------
INFO: [Synth 8-7052] The timing for the instance CPU/Register/REG_reg_1 (implemented as a Block RAM) might be sub-optimal as no optional output register could be merged into the ram block. Providing additional output register may help in improving timing.
INFO: [Synth 8-7052] The timing for the instance CPU/Register/REG_reg_2 (implemented as a Block RAM) might be sub-optimal as no optional output register could be merged into the ram block. Providing additional output register may help in improving timing.
INFO: [Synth 8-7052] The timing for the instance MEM/RAM_reg (implemented as a Block RAM) might be sub-optimal as no optional output register could be merged into the ram block. Providing additional output register may help in improving timing.
INFO: [Synth 8-7052] The timing for the instance MEM/RAM_reg (implemented as a Block RAM) might be sub-optimal as no optional output register could be merged into the ram block. Providing additional output register may help in improving timing.
---------------------------------------------------------------------------------
Finished Technology Mapping : Time (s): cpu = 00:00:31 ; elapsed = 00:00:32 . Memory (MB): peak = 1593.223 ; gain = 661.953
---------------------------------------------------------------------------------
---------------------------------------------------------------------------------
Start IO Insertion
---------------------------------------------------------------------------------
---------------------------------------------------------------------------------
Start Flattening Before IO Insertion
---------------------------------------------------------------------------------
---------------------------------------------------------------------------------
Finished Flattening Before IO Insertion
---------------------------------------------------------------------------------
---------------------------------------------------------------------------------
Start Final Netlist Cleanup
---------------------------------------------------------------------------------
---------------------------------------------------------------------------------
Finished Final Netlist Cleanup
---------------------------------------------------------------------------------
---------------------------------------------------------------------------------
Finished IO Insertion : Time (s): cpu = 00:00:36 ; elapsed = 00:00:38 . Memory (MB): peak = 1593.223 ; gain = 661.953
---------------------------------------------------------------------------------
---------------------------------------------------------------------------------
Start Renaming Generated Instances
---------------------------------------------------------------------------------
---------------------------------------------------------------------------------
Finished Renaming Generated Instances : Time (s): cpu = 00:00:36 ; elapsed = 00:00:38 . Memory (MB): peak = 1593.223 ; gain = 661.953
---------------------------------------------------------------------------------
---------------------------------------------------------------------------------
Start Rebuilding User Hierarchy
---------------------------------------------------------------------------------
---------------------------------------------------------------------------------
Finished Rebuilding User Hierarchy : Time (s): cpu = 00:00:36 ; elapsed = 00:00:38 . Memory (MB): peak = 1593.223 ; gain = 661.953
---------------------------------------------------------------------------------
---------------------------------------------------------------------------------
Start Renaming Generated Ports
---------------------------------------------------------------------------------
---------------------------------------------------------------------------------
Finished Renaming Generated Ports : Time (s): cpu = 00:00:36 ; elapsed = 00:00:38 . Memory (MB): peak = 1593.223 ; gain = 661.953
---------------------------------------------------------------------------------
---------------------------------------------------------------------------------
Start Handling Custom Attributes
---------------------------------------------------------------------------------
---------------------------------------------------------------------------------
Finished Handling Custom Attributes : Time (s): cpu = 00:00:36 ; elapsed = 00:00:38 . Memory (MB): peak = 1593.223 ; gain = 661.953
---------------------------------------------------------------------------------
---------------------------------------------------------------------------------
Start Renaming Generated Nets
---------------------------------------------------------------------------------
---------------------------------------------------------------------------------
Finished Renaming Generated Nets : Time (s): cpu = 00:00:36 ; elapsed = 00:00:38 . Memory (MB): peak = 1593.223 ; gain = 661.953
---------------------------------------------------------------------------------
---------------------------------------------------------------------------------
Start Writing Synthesis Report
---------------------------------------------------------------------------------

DSP Final Report (the ' indicates corresponding REG is set)
+------------+-------------+--------+--------+--------+--------+--------+------+------+------+------+-------+------+------+
|Module Name | DSP Mapping | A Size | B Size | C Size | D Size | P Size | AREG | BREG | CREG | DREG | ADREG | MREG | PREG | 
+------------+-------------+--------+--------+--------+--------+--------+------+------+------+------+-------+------+------+
|ALU         | A*B         | 16     | 16     | -      | -      | 32     | 0    | 0    | -    | -    | -     | 0    | 0    | 
+------------+-------------+--------+--------+--------+--------+--------+------+------+------+------+-------+------+------+


Report BlackBoxes: 
+-+--------------+----------+
| |BlackBox name |Instances |
+-+--------------+----------+
+-+--------------+----------+

Report Cell Usage: 
+------+---------+------+
|      |Cell     |Count |
+------+---------+------+
|1     |BUFG     |     2|
|2     |CARRY4   |    35|
|3     |DSP48E1  |     1|
|4     |LUT1     |     2|
|5     |LUT2     |    38|
|6     |LUT3     |    98|
|7     |LUT4     |   110|
|8     |LUT5     |    77|
|9     |LUT6     |   341|
|10    |MUXF7    |    36|
|11    |RAMB18E1 |     3|
|13    |FDCE     |    29|
|14    |FDRE     |    82|
|15    |IBUF     |     3|
|16    |OBUF     |     8|
+------+---------+------+
---------------------------------------------------------------------------------
Finished Writing Synthesis Report : Time (s): cpu = 00:00:36 ; elapsed = 00:00:38 . Memory (MB): peak = 1593.223 ; gain = 661.953
---------------------------------------------------------------------------------
Synthesis finished with 0 errors, 0 critical warnings and 1 warnings.
Synthesis Optimization Runtime : Time (s): cpu = 00:00:26 ; elapsed = 00:00:36 . Memory (MB): peak = 1593.223 ; gain = 560.746
Synthesis Optimization Complete : Time (s): cpu = 00:00:36 ; elapsed = 00:00:38 . Memory (MB): peak = 1593.223 ; gain = 661.953
INFO: [Project 1-571] Translating synthesized netlist
Netlist sorting complete. Time (s): cpu = 00:00:00 ; elapsed = 00:00:00.014 . Memory (MB): peak = 1593.223 ; gain = 0.000
INFO: [Netlist 29-17] Analyzing 75 Unisim elements for replacement
INFO: [Netlist 29-28] Unisim Transformation completed in 0 CPU seconds
INFO: [Project 1-570] Preparing netlist for logic optimization
INFO: [Opt 31-138] Pushed 1 inverter(s) to 2 load pin(s).
Netlist sorting complete. Time (s): cpu = 00:00:00 ; elapsed = 00:00:00 . Memory (MB): peak = 1593.223 ; gain = 0.000
INFO: [Project 1-111] Unisim Transformation Summary:
No Unisim elements were transformed.

Synth Design complete | Checksum: 82040e66
INFO: [Common 17-83] Releasing license: Synthesis
45 Infos, 28 Warnings, 0 Critical Warnings and 0 Errors encountered.
synth_design completed successfully
synth_design: Time (s): cpu = 00:00:41 ; elapsed = 00:00:45 . Memory (MB): peak = 1593.223 ; gain = 1078.777
Write ShapeDB Complete: Time (s): cpu = 00:00:00 ; elapsed = 00:00:00.002 . Memory (MB): peak = 1593.223 ; gain = 0.000
INFO: [Common 17-1381] The checkpoint 'C:/Users/VIHAAN/Vivado/mips_multicycle/mips_multicycle.runs/synth_1/Complete_MIPS.dcp' has been generated.
INFO: [Vivado 12-24828] Executing command : report_utilization -file Complete_MIPS_utilization_synth.rpt -pb Complete_MIPS_utilization_synth.pb
INFO: [Common 17-206] Exiting Vivado at Tue Nov 19 19:27:49 2024...
